#! /usr/bin/vvp
:ivl_version "10.1 (stable)";
:ivl_delay_selection "TYPICAL";
:vpi_time_precision + 0;
:vpi_module "system";
:vpi_module "vhdl_sys";
:vpi_module "v2005_math";
:vpi_module "va_math";
S_0x7fffdd55fb50 .scope module, "pipeline" "pipeline" 2 9;
 .timescale 0 0;
v0x7fffdd581930_0 .var "EX_MEM_NPC", 31 0;
v0x7fffdd581a60_0 .var "EX_MEM_PCSrc", 0 0;
v0x7fffdd581b70_0 .net "IF_ID_instr", 31 0, v0x7fffdd57f990_0;  1 drivers
v0x7fffdd581c60_0 .net "IF_ID_npc", 31 0, v0x7fffdd57fb30_0;  1 drivers
S_0x7fffdd55fcd0 .scope module, "I_FETCH1" "I_FETCH" 2 15, 3 7 0, S_0x7fffdd55fb50;
 .timescale 0 0;
    .port_info 0 /OUTPUT 32 "IF_ID_instr"
    .port_info 1 /OUTPUT 32 "IF_ID_npc"
    .port_info 2 /INPUT 1 "EX_MEM_PCSrc"
    .port_info 3 /INPUT 32 "EX_MEM_NPC"
v0x7fffdd5811f0_0 .net "EX_MEM_NPC", 31 0, v0x7fffdd581930_0;  1 drivers
v0x7fffdd5812b0_0 .net "EX_MEM_PCSrc", 0 0, v0x7fffdd581a60_0;  1 drivers
v0x7fffdd581350_0 .net "IF_ID_instr", 31 0, v0x7fffdd57f990_0;  alias, 1 drivers
v0x7fffdd581450_0 .net "IF_ID_npc", 31 0, v0x7fffdd57fb30_0;  alias, 1 drivers
v0x7fffdd581520_0 .net "PC", 31 0, v0x7fffdd580fc0_0;  1 drivers
v0x7fffdd581610_0 .net "dataout", 31 0, v0x7fffdd580590_0;  1 drivers
v0x7fffdd581700_0 .net "npc", 31 0, L_0x7fffdd591e40;  1 drivers
v0x7fffdd5817a0_0 .net "npc_mux", 31 0, L_0x7fffdd581d50;  1 drivers
S_0x7fffdd55fe50 .scope module, "if_id1" "if_id" 3 31, 4 7 0, S_0x7fffdd55fcd0;
 .timescale 0 0;
    .port_info 0 /OUTPUT 32 "instrout"
    .port_info 1 /OUTPUT 32 "npcout"
    .port_info 2 /INPUT 32 "instr"
    .port_info 3 /INPUT 32 "npc"
v0x7fffdd55ffd0_0 .net "instr", 31 0, v0x7fffdd580590_0;  alias, 1 drivers
v0x7fffdd57f990_0 .var "instrout", 31 0;
v0x7fffdd57fa70_0 .net "npc", 31 0, L_0x7fffdd591e40;  alias, 1 drivers
v0x7fffdd57fb30_0 .var "npcout", 31 0;
E_0x7fffdd5498c0 .event edge, v0x7fffdd55ffd0_0, v0x7fffdd57fa70_0;
S_0x7fffdd57fcc0 .scope module, "incrementer1" "incrementer" 3 36, 5 7 0, S_0x7fffdd55fcd0;
 .timescale 0 0;
    .port_info 0 /INPUT 32 "pcin"
    .port_info 1 /OUTPUT 32 "pcout"
L_0x7ff84fe40018 .functor BUFT 1, C4<00000000000000000000000000000001>, C4<0>, C4<0>, C4<0>;
v0x7fffdd57feb0_0 .net/2u *"_s0", 31 0, L_0x7ff84fe40018;  1 drivers
v0x7fffdd57ffb0_0 .net "pcin", 31 0, v0x7fffdd580fc0_0;  alias, 1 drivers
v0x7fffdd580090_0 .net "pcout", 31 0, L_0x7fffdd591e40;  alias, 1 drivers
L_0x7fffdd591e40 .arith/sum 32, v0x7fffdd580fc0_0, L_0x7ff84fe40018;
S_0x7fffdd5801a0 .scope module, "memory1" "memory" 3 28, 6 7 0, S_0x7fffdd55fcd0;
 .timescale 0 0;
    .port_info 0 /OUTPUT 32 "data"
    .port_info 1 /INPUT 32 "addr"
v0x7fffdd5803c0 .array "MEM", 127 0, 31 0;
v0x7fffdd5804a0_0 .net "addr", 31 0, v0x7fffdd580fc0_0;  alias, 1 drivers
v0x7fffdd580590_0 .var "data", 31 0;
E_0x7fffdd54a760 .event edge, v0x7fffdd57ffb0_0;
S_0x7fffdd5806b0 .scope module, "mux1" "mux" 3 20, 7 7 0, S_0x7fffdd55fcd0;
 .timescale 0 0;
    .port_info 0 /OUTPUT 32 "y"
    .port_info 1 /INPUT 32 "a"
    .port_info 2 /INPUT 32 "b"
    .port_info 3 /INPUT 1 "sel"
v0x7fffdd580920_0 .net "a", 31 0, v0x7fffdd581930_0;  alias, 1 drivers
v0x7fffdd580a00_0 .net "b", 31 0, L_0x7fffdd591e40;  alias, 1 drivers
v0x7fffdd580b10_0 .net "sel", 0 0, v0x7fffdd581a60_0;  alias, 1 drivers
v0x7fffdd580bb0_0 .net "y", 31 0, L_0x7fffdd581d50;  alias, 1 drivers
L_0x7fffdd581d50 .functor MUXZ 32, L_0x7fffdd591e40, v0x7fffdd581930_0, v0x7fffdd581a60_0, C4<>;
S_0x7fffdd580d40 .scope module, "pc_mod1" "pc_mod" 3 25, 8 7 0, S_0x7fffdd55fcd0;
 .timescale 0 0;
    .port_info 0 /OUTPUT 32 "PC"
    .port_info 1 /INPUT 32 "npc"
v0x7fffdd580fc0_0 .var "PC", 31 0;
v0x7fffdd5810f0_0 .net "npc", 31 0, L_0x7fffdd581d50;  alias, 1 drivers
E_0x7fffdd55f220 .event edge, v0x7fffdd580bb0_0;
    .scope S_0x7fffdd580d40;
T_0 ;
    %pushi/vec4 0, 0, 32;
    %assign/vec4 v0x7fffdd580fc0_0, 0;
    %end;
    .thread T_0;
    .scope S_0x7fffdd580d40;
T_1 ;
    %wait E_0x7fffdd55f220;
    %delay 1, 0;
    %load/vec4 v0x7fffdd5810f0_0;
    %assign/vec4 v0x7fffdd580fc0_0, 0;
    %jmp T_1;
    .thread T_1, $push;
    .scope S_0x7fffdd5801a0;
T_2 ;
    %pushi/vec4 2684354730, 0, 32;
    %ix/load 3, 0, 0;
    %flag_set/imm 4, 0;
    %ix/load 4, 0, 0; Constant delay
    %assign/vec4/a/d v0x7fffdd5803c0, 0, 4;
    %pushi/vec4 268435473, 0, 32;
    %ix/load 3, 1, 0;
    %flag_set/imm 4, 0;
    %ix/load 4, 0, 0; Constant delay
    %assign/vec4/a/d v0x7fffdd5803c0, 0, 4;
    %pushi/vec4 536870946, 0, 32;
    %ix/load 3, 2, 0;
    %flag_set/imm 4, 0;
    %ix/load 4, 0, 0; Constant delay
    %assign/vec4/a/d v0x7fffdd5803c0, 0, 4;
    %pushi/vec4 805306419, 0, 32;
    %ix/load 3, 3, 0;
    %flag_set/imm 4, 0;
    %ix/load 4, 0, 0; Constant delay
    %assign/vec4/a/d v0x7fffdd5803c0, 0, 4;
    %pushi/vec4 1073741892, 0, 32;
    %ix/load 3, 4, 0;
    %flag_set/imm 4, 0;
    %ix/load 4, 0, 0; Constant delay
    %assign/vec4/a/d v0x7fffdd5803c0, 0, 4;
    %pushi/vec4 1342177365, 0, 32;
    %ix/load 3, 5, 0;
    %flag_set/imm 4, 0;
    %ix/load 4, 0, 0; Constant delay
    %assign/vec4/a/d v0x7fffdd5803c0, 0, 4;
    %pushi/vec4 1610612838, 0, 32;
    %ix/load 3, 6, 0;
    %flag_set/imm 4, 0;
    %ix/load 4, 0, 0; Constant delay
    %assign/vec4/a/d v0x7fffdd5803c0, 0, 4;
    %pushi/vec4 1879048311, 0, 32;
    %ix/load 3, 7, 0;
    %flag_set/imm 4, 0;
    %ix/load 4, 0, 0; Constant delay
    %assign/vec4/a/d v0x7fffdd5803c0, 0, 4;
    %pushi/vec4 2147483784, 0, 32;
    %ix/load 3, 8, 0;
    %flag_set/imm 4, 0;
    %ix/load 4, 0, 0; Constant delay
    %assign/vec4/a/d v0x7fffdd5803c0, 0, 4;
    %pushi/vec4 2415919257, 0, 32;
    %ix/load 3, 9, 0;
    %flag_set/imm 4, 0;
    %ix/load 4, 0, 0; Constant delay
    %assign/vec4/a/d v0x7fffdd5803c0, 0, 4;
    %end;
    .thread T_2;
    .scope S_0x7fffdd5801a0;
T_3 ;
    %wait E_0x7fffdd54a760;
    %ix/getv 4, v0x7fffdd5804a0_0;
    %load/vec4a v0x7fffdd5803c0, 4;
    %assign/vec4 v0x7fffdd580590_0, 0;
    %jmp T_3;
    .thread T_3, $push;
    .scope S_0x7fffdd55fe50;
T_4 ;
    %pushi/vec4 0, 0, 32;
    %assign/vec4 v0x7fffdd57f990_0, 0;
    %pushi/vec4 0, 0, 32;
    %assign/vec4 v0x7fffdd57fb30_0, 0;
    %end;
    .thread T_4;
    .scope S_0x7fffdd55fe50;
T_5 ;
    %wait E_0x7fffdd5498c0;
    %delay 1, 0;
    %load/vec4 v0x7fffdd55ffd0_0;
    %assign/vec4 v0x7fffdd57f990_0, 0;
    %load/vec4 v0x7fffdd57fa70_0;
    %assign/vec4 v0x7fffdd57fb30_0, 0;
    %jmp T_5;
    .thread T_5, $push;
    .scope S_0x7fffdd55fcd0;
T_6 ;
    %vpi_call 3 39 "$display", "Time\011 PC\011 npc\011 dataout of MEM\011 IF_ID_instr\011 IF_ID_npc" {0 0 0};
    %vpi_call 3 40 "$monitor", "%0d\011 %0d\011 %0d\011 %h\011 %h\011 %0d", $time, v0x7fffdd581520_0, v0x7fffdd581700_0, v0x7fffdd581610_0, v0x7fffdd581350_0, v0x7fffdd581450_0 {0 0 0};
    %delay 20, 0;
    %vpi_call 3 41 "$finish" {0 0 0};
    %end;
    .thread T_6;
    .scope S_0x7fffdd55fb50;
T_7 ;
    %pushi/vec4 0, 0, 1;
    %assign/vec4 v0x7fffdd581a60_0, 0;
    %pushi/vec4 0, 0, 32;
    %assign/vec4 v0x7fffdd581930_0, 0;
    %end;
    .thread T_7;
# The file index is used to find the file name in the following table.
:file_names 9;
    "N/A";
    "<interactive>";
    "pipeline.v";
    "ifetch.v";
    "if_id.v";
    "incr.v";
    "mem.v";
    "mux.v";
    "pc_mod.v";
